<?xml version="1.0" encoding="UTF-8"?>
<!-- Generated by org.testng.reporters.JUnitReportReporter -->
<testsuite hostname="LAPTOP-TBD1J5HK" failures="0" tests="1" name="com.sample.qa.testcases.SelectPageTest" time="4.563" errors="0" timestamp="5 Aug 2020 14:56:46 GMT">
  <testcase classname="com.sample.qa.testcases.SelectPageTest" name="SelectItemsTest" time="4.563"/>
</testsuite> <!-- com.sample.qa.testcases.SelectPageTest -->
