<?xml version="1.0" encoding="UTF-8"?>
<!-- Generated by org.testng.reporters.JUnitReportReporter -->
<testsuite hostname="LAPTOP-TBD1J5HK" failures="0" tests="3" name="com.sample.qa.testcases.AlertPageTest" time="10.913" errors="0" timestamp="22 Jul 2020 10:22:22 GMT">
  <testcase classname="com.sample.qa.testcases.AlertPageTest" name="AlertPageTextboxTest" time="3.362"/>
  <testcase classname="com.sample.qa.testcases.AlertPageTest" name="AlertwithOKTest" time="3.295"/>
  <testcase classname="com.sample.qa.testcases.AlertPageTest" name="AlertPageConfTest" time="4.256"/>
</testsuite> <!-- com.sample.qa.testcases.AlertPageTest -->
