<?xml version="1.0" encoding="UTF-8"?>
<!-- Generated by org.testng.reporters.JUnitReportReporter -->
<testsuite hostname="LAPTOP-TBD1J5HK" failures="0" tests="1" name="com.sample.qa.testcases.DatePickerTest" time="27.140" errors="0" timestamp="22 Jul 2020 10:29:14 GMT">
  <testcase classname="com.sample.qa.testcases.DatePickerTest" name="DatePickerfunctionTest" time="27.140"/>
</testsuite> <!-- com.sample.qa.testcases.DatePickerTest -->
